[debug] [2022-08-18T12:04:28.876Z] ----------------------------------------------------------------------
[debug] [2022-08-18T12:04:28.881Z] Command:       C:\Program Files\nodejs\node.exe C:\Users\Marko\AppData\Roaming\npm\node_modules\firebase-tools\lib\bin\firebase.js init
[debug] [2022-08-18T12:04:28.882Z] CLI Version:   11.7.0
[debug] [2022-08-18T12:04:28.882Z] Platform:      win32
[debug] [2022-08-18T12:04:28.883Z] Node Version:  v16.14.2
[debug] [2022-08-18T12:04:28.885Z] Time:          Thu Aug 18 2022 14:04:28 GMT+0200 (srednjoeuropsko ljetno vrijeme)
[debug] [2022-08-18T12:04:28.885Z] ----------------------------------------------------------------------
[debug] 
[debug] [2022-08-18T12:04:28.929Z] > command requires scopes: ["email","openid","https://www.googleapis.com/auth/cloudplatformprojects.readonly","https://www.googleapis.com/auth/firebase","https://www.googleapis.com/auth/cloud-platform"]
[debug] [2022-08-18T12:04:28.931Z] > authorizing via signed-in user (dominik.gubo2@gmail.com)
[info] 
     ######## #### ########  ######## ########     ###     ######  ########
     ##        ##  ##     ## ##       ##     ##  ##   ##  ##       ##
     ######    ##  ########  ######   ########  #########  ######  ######
     ##        ##  ##    ##  ##       ##     ## ##     ##       ## ##
     ##       #### ##     ## ######## ########  ##     ##  ######  ########

You're about to initialize a Firebase project in this directory:

  C:\Users\Marko\Desktop\KronerWeb

[info] 
=== Project Setup
[info] 
[info] First, let's associate this project directory with a Firebase project.
[info] You can create multiple project aliases by running firebase use --add, 
[info] but for now we'll just set up a default project.
[info] 
[debug] [2022-08-18T12:06:23.996Z] >>> [apiv2][query] GET https://firebase.googleapis.com/v1beta1/projects pageSize=100
[debug] [2022-08-18T12:06:24.584Z] <<< [apiv2][status] GET https://firebase.googleapis.com/v1beta1/projects 200
[debug] [2022-08-18T12:06:24.584Z] <<< [apiv2][body] GET https://firebase.googleapis.com/v1beta1/projects [omitted]
[info] i  Using project kronerstats (KronerStats) 
[info] 
=== Database Setup
[info] i  database: ensuring required API firebasedatabase.googleapis.com is enabled... 
[debug] [2022-08-18T12:06:29.060Z] >>> [apiv2][query] GET https://serviceusage.googleapis.com/v1/projects/kronerstats/services/firebasedatabase.googleapis.com [none]
[debug] [2022-08-18T12:06:30.163Z] <<< [apiv2][status] GET https://serviceusage.googleapis.com/v1/projects/kronerstats/services/firebasedatabase.googleapis.com 200
[debug] [2022-08-18T12:06:30.163Z] <<< [apiv2][body] GET https://serviceusage.googleapis.com/v1/projects/kronerstats/services/firebasedatabase.googleapis.com [omitted]
[info] +  database: required API firebasedatabase.googleapis.com is enabled 
[info] 
[debug] [2022-08-18T12:06:30.165Z] >>> [apiv2][query] GET https://firebasedatabase.googleapis.com/v1beta/projects/kronerstats/locations/-/instances/kronerstats-default-rtdb [none]
[debug] [2022-08-18T12:06:30.552Z] <<< [apiv2][status] GET https://firebasedatabase.googleapis.com/v1beta/projects/kronerstats/locations/-/instances/kronerstats-default-rtdb 200
[debug] [2022-08-18T12:06:30.553Z] <<< [apiv2][body] GET https://firebasedatabase.googleapis.com/v1beta/projects/kronerstats/locations/-/instances/kronerstats-default-rtdb {"name":"projects/358876490906/locations/us-central1/instances/kronerstats-default-rtdb","project":"projects/358876490906","databaseUrl":"https://kronerstats-default-rtdb.firebaseio.com","type":"DEFAULT_DATABASE","state":"ACTIVE"}
[info] 
[info] Firebase Realtime Database Security Rules allow you to define how your data should be
[info] structured and when your data can be read from and written to.
[info] 
[debug] [2022-08-18T12:06:37.723Z] >>> [apiv2][query] GET https://kronerstats-default-rtdb.firebaseio.com/.settings/rules.json [none]
[debug] [2022-08-18T12:06:38.176Z] <<< [apiv2][status] GET https://kronerstats-default-rtdb.firebaseio.com/.settings/rules.json 200
[debug] [2022-08-18T12:06:38.177Z] <<< [apiv2][body] GET https://kronerstats-default-rtdb.firebaseio.com/.settings/rules.json [stream]
[info] +  Database Rules for kronerstats-default-rtdb have been written to database.rules.json. 
[info] Future modifications to database.rules.json will update Realtime Database Security Rules when you run
[info] firebase deploy.
[info] 
=== Functions Setup
[info] 
[info] A functions directory will be created in your project with sample code
[info] pre-configured. Functions can be deployed with firebase deploy.
[info] 
[debug] [2022-08-18T12:06:38.189Z] > command requires scopes: ["email","openid","https://www.googleapis.com/auth/cloudplatformprojects.readonly","https://www.googleapis.com/auth/firebase","https://www.googleapis.com/auth/cloud-platform"]
[debug] [2022-08-18T12:06:38.190Z] > authorizing via signed-in user (dominik.gubo2@gmail.com)
[debug] [2022-08-18T12:06:38.190Z] [iam] checking project kronerstats for permissions ["firebase.projects.get"]
[debug] [2022-08-18T12:06:38.192Z] >>> [apiv2][query] POST https://cloudresourcemanager.googleapis.com/v1/projects/kronerstats:testIamPermissions [none]
[debug] [2022-08-18T12:06:38.192Z] >>> [apiv2][(partial)header] POST https://cloudresourcemanager.googleapis.com/v1/projects/kronerstats:testIamPermissions x-goog-quota-user=projects/kronerstats
[debug] [2022-08-18T12:06:38.192Z] >>> [apiv2][body] POST https://cloudresourcemanager.googleapis.com/v1/projects/kronerstats:testIamPermissions {"permissions":["firebase.projects.get"]}
[debug] [2022-08-18T12:06:39.083Z] <<< [apiv2][status] POST https://cloudresourcemanager.googleapis.com/v1/projects/kronerstats:testIamPermissions 200
[debug] [2022-08-18T12:06:39.083Z] <<< [apiv2][body] POST https://cloudresourcemanager.googleapis.com/v1/projects/kronerstats:testIamPermissions {"permissions":["firebase.projects.get"]}
[debug] [2022-08-18T12:06:39.083Z] >>> [apiv2][query] GET https://serviceusage.googleapis.com/v1/projects/kronerstats/services/cloudfunctions.googleapis.com [none]
[debug] [2022-08-18T12:06:39.085Z] >>> [apiv2][query] GET https://serviceusage.googleapis.com/v1/projects/kronerstats/services/runtimeconfig.googleapis.com [none]
[debug] [2022-08-18T12:06:40.118Z] <<< [apiv2][status] GET https://serviceusage.googleapis.com/v1/projects/kronerstats/services/runtimeconfig.googleapis.com 200
[debug] [2022-08-18T12:06:40.119Z] <<< [apiv2][body] GET https://serviceusage.googleapis.com/v1/projects/kronerstats/services/runtimeconfig.googleapis.com [omitted]
[debug] [2022-08-18T12:06:40.120Z] <<< [apiv2][status] GET https://serviceusage.googleapis.com/v1/projects/kronerstats/services/cloudfunctions.googleapis.com 200
[debug] [2022-08-18T12:06:40.120Z] <<< [apiv2][body] GET https://serviceusage.googleapis.com/v1/projects/kronerstats/services/cloudfunctions.googleapis.com [omitted]
[debug] [2022-08-18T12:06:40.121Z] >>> [apiv2][query] POST https://serviceusage.googleapis.com/v1/projects/kronerstats/services/cloudfunctions.googleapis.com:enable [none]
[debug] [2022-08-18T12:06:41.613Z] <<< [apiv2][status] POST https://serviceusage.googleapis.com/v1/projects/kronerstats/services/cloudfunctions.googleapis.com:enable 200
[debug] [2022-08-18T12:06:41.614Z] <<< [apiv2][body] POST https://serviceusage.googleapis.com/v1/projects/kronerstats/services/cloudfunctions.googleapis.com:enable [omitted]
[debug] [2022-08-18T12:06:51.622Z] >>> [apiv2][query] GET https://serviceusage.googleapis.com/v1/projects/kronerstats/services/cloudfunctions.googleapis.com [none]
[debug] [2022-08-18T12:06:52.637Z] <<< [apiv2][status] GET https://serviceusage.googleapis.com/v1/projects/kronerstats/services/cloudfunctions.googleapis.com 200
[debug] [2022-08-18T12:06:52.638Z] <<< [apiv2][body] GET https://serviceusage.googleapis.com/v1/projects/kronerstats/services/cloudfunctions.googleapis.com [omitted]
[info] +  Wrote functions/package.json 
[info] +  Wrote functions/index.js 
[info] +  Wrote functions/.gitignore 
[info] 
=== Hosting Setup
[info] 
[info] Your public directory is the folder (relative to your project directory) that
[info] will contain Hosting assets to be uploaded with firebase deploy. If you
[info] have a build process for your assets, use your build's output directory.
[info] 
